<?xml version="1.0" encoding="UTF-8"?>
<testsuite xmlns:xsi="http://www.w3.org/2001/XMLSchema-instance" xsi:noNamespaceSchemaLocation="https://maven.apache.org/surefire/maven-surefire-plugin/xsd/surefire-test-report.xsd" name="com.helloworld.app.AppTest" time="0.099" tests="1" errors="0" skipped="0" failures="0">
  <properties>
    <property name="java.specification.version" value="17"/>
    <property name="sun.cpu.isalist" value="amd64"/>
    <property name="sun.jnu.encoding" value="Cp1252"/>
    <property name="java.class.path" value="C:\Users\lenov\Downloads\cywa\latihan\helloworld-app\target\test-classes;C:\Users\lenov\Downloads\cywa\latihan\helloworld-app\target\classes;C:\Users\lenov\.m2\repository\junit\junit\4.11\junit-4.11.jar;C:\Users\lenov\.m2\repository\org\hamcrest\hamcrest-core\1.3\hamcrest-core-1.3.jar;C:\Users\lenov\.m2\repository\com\google\cloud\google-cloud-storage\2.49.0\google-cloud-storage-2.49.0.jar;C:\Users\lenov\.m2\repository\com\google\guava\guava\33.4.0-jre\guava-33.4.0-jre.jar;C:\Users\lenov\.m2\repository\com\google\guava\failureaccess\1.0.2\failureaccess-1.0.2.jar;C:\Users\lenov\.m2\repository\com\google\guava\listenablefuture\9999.0-empty-to-avoid-conflict-with-guava\listenablefuture-9999.0-empty-to-avoid-conflict-with-guava.jar;C:\Users\lenov\.m2\repository\com\google\errorprone\error_prone_annotations\2.36.0\error_prone_annotations-2.36.0.jar;C:\Users\lenov\.m2\repository\com\google\j2objc\j2objc-annotations\3.0.0\j2objc-annotations-3.0.0.jar;C:\Users\lenov\.m2\repository\com\google\http-client\google-http-client\1.46.3\google-http-client-1.46.3.jar;C:\Users\lenov\.m2\repository\io\grpc\grpc-context\1.70.0\grpc-context-1.70.0.jar;C:\Users\lenov\.m2\repository\io\opencensus\opencensus-contrib-http-util\0.31.1\opencensus-contrib-http-util-0.31.1.jar;C:\Users\lenov\.m2\repository\com\google\http-client\google-http-client-jackson2\1.46.3\google-http-client-jackson2-1.46.3.jar;C:\Users\lenov\.m2\repository\com\google\http-client\google-http-client-gson\1.46.3\google-http-client-gson-1.46.3.jar;C:\Users\lenov\.m2\repository\com\google\api-client\google-api-client\2.7.2\google-api-client-2.7.2.jar;C:\Users\lenov\.m2\repository\commons-codec\commons-codec\1.18.0\commons-codec-1.18.0.jar;C:\Users\lenov\.m2\repository\com\google\oauth-client\google-oauth-client\1.37.0\google-oauth-client-1.37.0.jar;C:\Users\lenov\.m2\repository\com\google\http-client\google-http-client-apache-v2\1.46.3\google-http-client-apache-v2-1.46.3.jar;C:\Users\lenov\.m2\repository\com\google\apis\google-api-services-storage\v1-rev20241206-2.0.0\google-api-services-storage-v1-rev20241206-2.0.0.jar;C:\Users\lenov\.m2\repository\com\google\code\gson\gson\2.12.1\gson-2.12.1.jar;C:\Users\lenov\.m2\repository\com\google\cloud\google-cloud-core\2.52.0\google-cloud-core-2.52.0.jar;C:\Users\lenov\.m2\repository\com\google\auto\value\auto-value-annotations\1.11.0\auto-value-annotations-1.11.0.jar;C:\Users\lenov\.m2\repository\com\google\cloud\google-cloud-core-http\2.52.0\google-cloud-core-http-2.52.0.jar;C:\Users\lenov\.m2\repository\com\google\http-client\google-http-client-appengine\1.46.3\google-http-client-appengine-1.46.3.jar;C:\Users\lenov\.m2\repository\com\google\api\gax-httpjson\2.62.0\gax-httpjson-2.62.0.jar;C:\Users\lenov\.m2\repository\com\google\cloud\google-cloud-core-grpc\2.52.0\google-cloud-core-grpc-2.52.0.jar;C:\Users\lenov\.m2\repository\com\google\api\gax\2.62.0\gax-2.62.0.jar;C:\Users\lenov\.m2\repository\com\google\api\gax-grpc\2.62.0\gax-grpc-2.62.0.jar;C:\Users\lenov\.m2\repository\io\grpc\grpc-inprocess\1.70.0\grpc-inprocess-1.70.0.jar;C:\Users\lenov\.m2\repository\io\grpc\grpc-alts\1.70.0\grpc-alts-1.70.0.jar;C:\Users\lenov\.m2\repository\io\grpc\grpc-grpclb\1.70.0\grpc-grpclb-1.70.0.jar;C:\Users\lenov\.m2\repository\org\conscrypt\conscrypt-openjdk-uber\2.5.2\conscrypt-openjdk-uber-2.5.2.jar;C:\Users\lenov\.m2\repository\io\grpc\grpc-auth\1.70.0\grpc-auth-1.70.0.jar;C:\Users\lenov\.m2\repository\com\google\auth\google-auth-library-credentials\1.33.1\google-auth-library-credentials-1.33.1.jar;C:\Users\lenov\.m2\repository\com\google\auth\google-auth-library-oauth2-http\1.33.1\google-auth-library-oauth2-http-1.33.1.jar;C:\Users\lenov\.m2\repository\com\google\api\api-common\2.45.0\api-common-2.45.0.jar;C:\Users\lenov\.m2\repository\javax\annotation\javax.annotation-api\1.3.2\javax.annotation-api-1.3.2.jar;C:\Users\lenov\.m2\repository\io\opencensus\opencensus-api\0.31.1\opencensus-api-0.31.1.jar;C:\Users\lenov\.m2\repository\io\opentelemetry\opentelemetry-context\1.47.0\opentelemetry-context-1.47.0.jar;C:\Users\lenov\.m2\repository\com\google\api\grpc\proto-google-iam-v1\1.48.0\proto-google-iam-v1-1.48.0.jar;C:\Users\lenov\.m2\repository\com\google\protobuf\protobuf-java\3.25.5\protobuf-java-3.25.5.jar;C:\Users\lenov\.m2\repository\com\google\protobuf\protobuf-java-util\3.25.5\protobuf-java-util-3.25.5.jar;C:\Users\lenov\.m2\repository\io\grpc\grpc-core\1.70.0\grpc-core-1.70.0.jar;C:\Users\lenov\.m2\repository\com\google\android\annotations\4.1.1.4\annotations-4.1.1.4.jar;C:\Users\lenov\.m2\repository\org\codehaus\mojo\animal-sniffer-annotations\1.24\animal-sniffer-annotations-1.24.jar;C:\Users\lenov\.m2\repository\io\perfmark\perfmark-api\0.27.0\perfmark-api-0.27.0.jar;C:\Users\lenov\.m2\repository\io\grpc\grpc-protobuf\1.70.0\grpc-protobuf-1.70.0.jar;C:\Users\lenov\.m2\repository\io\grpc\grpc-protobuf-lite\1.70.0\grpc-protobuf-lite-1.70.0.jar;C:\Users\lenov\.m2\repository\com\google\api\grpc\proto-google-common-protos\2.53.0\proto-google-common-protos-2.53.0.jar;C:\Users\lenov\.m2\repository\org\threeten\threetenbp\1.7.0\threetenbp-1.7.0.jar;C:\Users\lenov\.m2\repository\com\google\api\grpc\proto-google-cloud-storage-v2\2.49.0\proto-google-cloud-storage-v2-2.49.0.jar;C:\Users\lenov\.m2\repository\com\google\api\grpc\grpc-google-cloud-storage-v2\2.49.0\grpc-google-cloud-storage-v2-2.49.0.jar;C:\Users\lenov\.m2\repository\com\google\api\grpc\gapic-google-cloud-storage-v2\2.49.0\gapic-google-cloud-storage-v2-2.49.0.jar;C:\Users\lenov\.m2\repository\io\opentelemetry\opentelemetry-sdk\1.47.0\opentelemetry-sdk-1.47.0.jar;C:\Users\lenov\.m2\repository\io\opentelemetry\opentelemetry-sdk-trace\1.47.0\opentelemetry-sdk-trace-1.47.0.jar;C:\Users\lenov\.m2\repository\io\opentelemetry\opentelemetry-sdk-logs\1.47.0\opentelemetry-sdk-logs-1.47.0.jar;C:\Users\lenov\.m2\repository\io\grpc\grpc-opentelemetry\1.70.0\grpc-opentelemetry-1.70.0.jar;C:\Users\lenov\.m2\repository\io\opentelemetry\opentelemetry-api\1.47.0\opentelemetry-api-1.47.0.jar;C:\Users\lenov\.m2\repository\io\opentelemetry\opentelemetry-sdk-metrics\1.47.0\opentelemetry-sdk-metrics-1.47.0.jar;C:\Users\lenov\.m2\repository\io\opentelemetry\opentelemetry-sdk-common\1.47.0\opentelemetry-sdk-common-1.47.0.jar;C:\Users\lenov\.m2\repository\io\opentelemetry\opentelemetry-sdk-extension-autoconfigure-spi\1.47.0\opentelemetry-sdk-extension-autoconfigure-spi-1.47.0.jar;C:\Users\lenov\.m2\repository\io\opentelemetry\semconv\opentelemetry-semconv\1.27.0-alpha\opentelemetry-semconv-1.27.0-alpha.jar;C:\Users\lenov\.m2\repository\com\google\cloud\opentelemetry\exporter-metrics\0.33.0\exporter-metrics-0.33.0.jar;C:\Users\lenov\.m2\repository\org\slf4j\slf4j-api\2.0.16\slf4j-api-2.0.16.jar;C:\Users\lenov\.m2\repository\com\google\cloud\google-cloud-monitoring\3.52.0\google-cloud-monitoring-3.52.0.jar;C:\Users\lenov\.m2\repository\com\google\api\grpc\proto-google-cloud-monitoring-v3\3.52.0\proto-google-cloud-monitoring-v3-3.52.0.jar;C:\Users\lenov\.m2\repository\com\google\cloud\opentelemetry\shared-resourcemapping\0.33.0\shared-resourcemapping-0.33.0.jar;C:\Users\lenov\.m2\repository\io\opentelemetry\contrib\opentelemetry-gcp-resources\1.37.0-alpha\opentelemetry-gcp-resources-1.37.0-alpha.jar;C:\Users\lenov\.m2\repository\com\google\cloud\opentelemetry\detector-resources-support\0.33.0\detector-resources-support-0.33.0.jar;C:\Users\lenov\.m2\repository\org\checkerframework\checker-qual\3.49.0\checker-qual-3.49.0.jar;C:\Users\lenov\.m2\repository\com\fasterxml\jackson\core\jackson-core\2.18.2\jackson-core-2.18.2.jar;C:\Users\lenov\.m2\repository\com\google\code\findbugs\jsr305\3.0.2\jsr305-3.0.2.jar;C:\Users\lenov\.m2\repository\io\grpc\grpc-api\1.70.0\grpc-api-1.70.0.jar;C:\Users\lenov\.m2\repository\io\grpc\grpc-netty-shaded\1.70.0\grpc-netty-shaded-1.70.0.jar;C:\Users\lenov\.m2\repository\io\grpc\grpc-util\1.70.0\grpc-util-1.70.0.jar;C:\Users\lenov\.m2\repository\io\grpc\grpc-stub\1.70.0\grpc-stub-1.70.0.jar;C:\Users\lenov\.m2\repository\io\grpc\grpc-googleapis\1.70.0\grpc-googleapis-1.70.0.jar;C:\Users\lenov\.m2\repository\io\grpc\grpc-xds\1.70.0\grpc-xds-1.70.0.jar;C:\Users\lenov\.m2\repository\io\grpc\grpc-services\1.70.0\grpc-services-1.70.0.jar;C:\Users\lenov\.m2\repository\com\google\re2j\re2j\1.7\re2j-1.7.jar;C:\Users\lenov\.m2\repository\io\grpc\grpc-rls\1.70.0\grpc-rls-1.70.0.jar;"/>
    <property name="java.vm.vendor" value="Oracle Corporation"/>
    <property name="sun.arch.data.model" value="64"/>
    <property name="user.variant" value=""/>
    <property name="java.vendor.url" value="https://java.oracle.com/"/>
    <property name="user.timezone" value="Asia/Jakarta"/>
    <property name="os.name" value="Windows 11"/>
    <property name="java.vm.specification.version" value="17"/>
    <property name="sun.java.launcher" value="SUN_STANDARD"/>
    <property name="user.country" value="ID"/>
    <property name="sun.boot.library.path" value="C:\Program Files\Java\jdk-17\bin"/>
    <property name="sun.java.command" value="C:\Users\lenov\AppData\Local\Temp\surefire15227957952638276116\surefirebooter6748437063607863134.jar C:\Users\lenov\AppData\Local\Temp\surefire15227957952638276116 2025-03-07T09-46-25_315-jvmRun1 surefire17850050988312427674tmp surefire_010917992569477812438tmp"/>
    <property name="jdk.debug" value="release"/>
    <property name="surefire.test.class.path" value="C:\Users\lenov\Downloads\cywa\latihan\helloworld-app\target\test-classes;C:\Users\lenov\Downloads\cywa\latihan\helloworld-app\target\classes;C:\Users\lenov\.m2\repository\junit\junit\4.11\junit-4.11.jar;C:\Users\lenov\.m2\repository\org\hamcrest\hamcrest-core\1.3\hamcrest-core-1.3.jar;C:\Users\lenov\.m2\repository\com\google\cloud\google-cloud-storage\2.49.0\google-cloud-storage-2.49.0.jar;C:\Users\lenov\.m2\repository\com\google\guava\guava\33.4.0-jre\guava-33.4.0-jre.jar;C:\Users\lenov\.m2\repository\com\google\guava\failureaccess\1.0.2\failureaccess-1.0.2.jar;C:\Users\lenov\.m2\repository\com\google\guava\listenablefuture\9999.0-empty-to-avoid-conflict-with-guava\listenablefuture-9999.0-empty-to-avoid-conflict-with-guava.jar;C:\Users\lenov\.m2\repository\com\google\errorprone\error_prone_annotations\2.36.0\error_prone_annotations-2.36.0.jar;C:\Users\lenov\.m2\repository\com\google\j2objc\j2objc-annotations\3.0.0\j2objc-annotations-3.0.0.jar;C:\Users\lenov\.m2\repository\com\google\http-client\google-http-client\1.46.3\google-http-client-1.46.3.jar;C:\Users\lenov\.m2\repository\io\grpc\grpc-context\1.70.0\grpc-context-1.70.0.jar;C:\Users\lenov\.m2\repository\io\opencensus\opencensus-contrib-http-util\0.31.1\opencensus-contrib-http-util-0.31.1.jar;C:\Users\lenov\.m2\repository\com\google\http-client\google-http-client-jackson2\1.46.3\google-http-client-jackson2-1.46.3.jar;C:\Users\lenov\.m2\repository\com\google\http-client\google-http-client-gson\1.46.3\google-http-client-gson-1.46.3.jar;C:\Users\lenov\.m2\repository\com\google\api-client\google-api-client\2.7.2\google-api-client-2.7.2.jar;C:\Users\lenov\.m2\repository\commons-codec\commons-codec\1.18.0\commons-codec-1.18.0.jar;C:\Users\lenov\.m2\repository\com\google\oauth-client\google-oauth-client\1.37.0\google-oauth-client-1.37.0.jar;C:\Users\lenov\.m2\repository\com\google\http-client\google-http-client-apache-v2\1.46.3\google-http-client-apache-v2-1.46.3.jar;C:\Users\lenov\.m2\repository\com\google\apis\google-api-services-storage\v1-rev20241206-2.0.0\google-api-services-storage-v1-rev20241206-2.0.0.jar;C:\Users\lenov\.m2\repository\com\google\code\gson\gson\2.12.1\gson-2.12.1.jar;C:\Users\lenov\.m2\repository\com\google\cloud\google-cloud-core\2.52.0\google-cloud-core-2.52.0.jar;C:\Users\lenov\.m2\repository\com\google\auto\value\auto-value-annotations\1.11.0\auto-value-annotations-1.11.0.jar;C:\Users\lenov\.m2\repository\com\google\cloud\google-cloud-core-http\2.52.0\google-cloud-core-http-2.52.0.jar;C:\Users\lenov\.m2\repository\com\google\http-client\google-http-client-appengine\1.46.3\google-http-client-appengine-1.46.3.jar;C:\Users\lenov\.m2\repository\com\google\api\gax-httpjson\2.62.0\gax-httpjson-2.62.0.jar;C:\Users\lenov\.m2\repository\com\google\cloud\google-cloud-core-grpc\2.52.0\google-cloud-core-grpc-2.52.0.jar;C:\Users\lenov\.m2\repository\com\google\api\gax\2.62.0\gax-2.62.0.jar;C:\Users\lenov\.m2\repository\com\google\api\gax-grpc\2.62.0\gax-grpc-2.62.0.jar;C:\Users\lenov\.m2\repository\io\grpc\grpc-inprocess\1.70.0\grpc-inprocess-1.70.0.jar;C:\Users\lenov\.m2\repository\io\grpc\grpc-alts\1.70.0\grpc-alts-1.70.0.jar;C:\Users\lenov\.m2\repository\io\grpc\grpc-grpclb\1.70.0\grpc-grpclb-1.70.0.jar;C:\Users\lenov\.m2\repository\org\conscrypt\conscrypt-openjdk-uber\2.5.2\conscrypt-openjdk-uber-2.5.2.jar;C:\Users\lenov\.m2\repository\io\grpc\grpc-auth\1.70.0\grpc-auth-1.70.0.jar;C:\Users\lenov\.m2\repository\com\google\auth\google-auth-library-credentials\1.33.1\google-auth-library-credentials-1.33.1.jar;C:\Users\lenov\.m2\repository\com\google\auth\google-auth-library-oauth2-http\1.33.1\google-auth-library-oauth2-http-1.33.1.jar;C:\Users\lenov\.m2\repository\com\google\api\api-common\2.45.0\api-common-2.45.0.jar;C:\Users\lenov\.m2\repository\javax\annotation\javax.annotation-api\1.3.2\javax.annotation-api-1.3.2.jar;C:\Users\lenov\.m2\repository\io\opencensus\opencensus-api\0.31.1\opencensus-api-0.31.1.jar;C:\Users\lenov\.m2\repository\io\opentelemetry\opentelemetry-context\1.47.0\opentelemetry-context-1.47.0.jar;C:\Users\lenov\.m2\repository\com\google\api\grpc\proto-google-iam-v1\1.48.0\proto-google-iam-v1-1.48.0.jar;C:\Users\lenov\.m2\repository\com\google\protobuf\protobuf-java\3.25.5\protobuf-java-3.25.5.jar;C:\Users\lenov\.m2\repository\com\google\protobuf\protobuf-java-util\3.25.5\protobuf-java-util-3.25.5.jar;C:\Users\lenov\.m2\repository\io\grpc\grpc-core\1.70.0\grpc-core-1.70.0.jar;C:\Users\lenov\.m2\repository\com\google\android\annotations\4.1.1.4\annotations-4.1.1.4.jar;C:\Users\lenov\.m2\repository\org\codehaus\mojo\animal-sniffer-annotations\1.24\animal-sniffer-annotations-1.24.jar;C:\Users\lenov\.m2\repository\io\perfmark\perfmark-api\0.27.0\perfmark-api-0.27.0.jar;C:\Users\lenov\.m2\repository\io\grpc\grpc-protobuf\1.70.0\grpc-protobuf-1.70.0.jar;C:\Users\lenov\.m2\repository\io\grpc\grpc-protobuf-lite\1.70.0\grpc-protobuf-lite-1.70.0.jar;C:\Users\lenov\.m2\repository\com\google\api\grpc\proto-google-common-protos\2.53.0\proto-google-common-protos-2.53.0.jar;C:\Users\lenov\.m2\repository\org\threeten\threetenbp\1.7.0\threetenbp-1.7.0.jar;C:\Users\lenov\.m2\repository\com\google\api\grpc\proto-google-cloud-storage-v2\2.49.0\proto-google-cloud-storage-v2-2.49.0.jar;C:\Users\lenov\.m2\repository\com\google\api\grpc\grpc-google-cloud-storage-v2\2.49.0\grpc-google-cloud-storage-v2-2.49.0.jar;C:\Users\lenov\.m2\repository\com\google\api\grpc\gapic-google-cloud-storage-v2\2.49.0\gapic-google-cloud-storage-v2-2.49.0.jar;C:\Users\lenov\.m2\repository\io\opentelemetry\opentelemetry-sdk\1.47.0\opentelemetry-sdk-1.47.0.jar;C:\Users\lenov\.m2\repository\io\opentelemetry\opentelemetry-sdk-trace\1.47.0\opentelemetry-sdk-trace-1.47.0.jar;C:\Users\lenov\.m2\repository\io\opentelemetry\opentelemetry-sdk-logs\1.47.0\opentelemetry-sdk-logs-1.47.0.jar;C:\Users\lenov\.m2\repository\io\grpc\grpc-opentelemetry\1.70.0\grpc-opentelemetry-1.70.0.jar;C:\Users\lenov\.m2\repository\io\opentelemetry\opentelemetry-api\1.47.0\opentelemetry-api-1.47.0.jar;C:\Users\lenov\.m2\repository\io\opentelemetry\opentelemetry-sdk-metrics\1.47.0\opentelemetry-sdk-metrics-1.47.0.jar;C:\Users\lenov\.m2\repository\io\opentelemetry\opentelemetry-sdk-common\1.47.0\opentelemetry-sdk-common-1.47.0.jar;C:\Users\lenov\.m2\repository\io\opentelemetry\opentelemetry-sdk-extension-autoconfigure-spi\1.47.0\opentelemetry-sdk-extension-autoconfigure-spi-1.47.0.jar;C:\Users\lenov\.m2\repository\io\opentelemetry\semconv\opentelemetry-semconv\1.27.0-alpha\opentelemetry-semconv-1.27.0-alpha.jar;C:\Users\lenov\.m2\repository\com\google\cloud\opentelemetry\exporter-metrics\0.33.0\exporter-metrics-0.33.0.jar;C:\Users\lenov\.m2\repository\org\slf4j\slf4j-api\2.0.16\slf4j-api-2.0.16.jar;C:\Users\lenov\.m2\repository\com\google\cloud\google-cloud-monitoring\3.52.0\google-cloud-monitoring-3.52.0.jar;C:\Users\lenov\.m2\repository\com\google\api\grpc\proto-google-cloud-monitoring-v3\3.52.0\proto-google-cloud-monitoring-v3-3.52.0.jar;C:\Users\lenov\.m2\repository\com\google\cloud\opentelemetry\shared-resourcemapping\0.33.0\shared-resourcemapping-0.33.0.jar;C:\Users\lenov\.m2\repository\io\opentelemetry\contrib\opentelemetry-gcp-resources\1.37.0-alpha\opentelemetry-gcp-resources-1.37.0-alpha.jar;C:\Users\lenov\.m2\repository\com\google\cloud\opentelemetry\detector-resources-support\0.33.0\detector-resources-support-0.33.0.jar;C:\Users\lenov\.m2\repository\org\checkerframework\checker-qual\3.49.0\checker-qual-3.49.0.jar;C:\Users\lenov\.m2\repository\com\fasterxml\jackson\core\jackson-core\2.18.2\jackson-core-2.18.2.jar;C:\Users\lenov\.m2\repository\com\google\code\findbugs\jsr305\3.0.2\jsr305-3.0.2.jar;C:\Users\lenov\.m2\repository\io\grpc\grpc-api\1.70.0\grpc-api-1.70.0.jar;C:\Users\lenov\.m2\repository\io\grpc\grpc-netty-shaded\1.70.0\grpc-netty-shaded-1.70.0.jar;C:\Users\lenov\.m2\repository\io\grpc\grpc-util\1.70.0\grpc-util-1.70.0.jar;C:\Users\lenov\.m2\repository\io\grpc\grpc-stub\1.70.0\grpc-stub-1.70.0.jar;C:\Users\lenov\.m2\repository\io\grpc\grpc-googleapis\1.70.0\grpc-googleapis-1.70.0.jar;C:\Users\lenov\.m2\repository\io\grpc\grpc-xds\1.70.0\grpc-xds-1.70.0.jar;C:\Users\lenov\.m2\repository\io\grpc\grpc-services\1.70.0\grpc-services-1.70.0.jar;C:\Users\lenov\.m2\repository\com\google\re2j\re2j\1.7\re2j-1.7.jar;C:\Users\lenov\.m2\repository\io\grpc\grpc-rls\1.70.0\grpc-rls-1.70.0.jar;"/>
    <property name="sun.cpu.endian" value="little"/>
    <property name="user.home" value="C:\Users\lenov"/>
    <property name="user.language" value="en"/>
    <property name="java.specification.vendor" value="Oracle Corporation"/>
    <property name="java.version.date" value="2024-07-16"/>
    <property name="java.home" value="C:\Program Files\Java\jdk-17"/>
    <property name="file.separator" value="\"/>
    <property name="basedir" value="C:\Users\lenov\Downloads\cywa\latihan\helloworld-app"/>
    <property name="java.vm.compressedOopsMode" value="Zero based"/>
    <property name="line.separator" value="&#10;"/>
    <property name="java.vm.specification.vendor" value="Oracle Corporation"/>
    <property name="java.specification.name" value="Java Platform API Specification"/>
    <property name="surefire.real.class.path" value="C:\Users\lenov\AppData\Local\Temp\surefire15227957952638276116\surefirebooter6748437063607863134.jar"/>
    <property name="user.script" value=""/>
    <property name="sun.management.compiler" value="HotSpot 64-Bit Tiered Compilers"/>
    <property name="java.runtime.version" value="17.0.12+8-LTS-286"/>
    <property name="user.name" value="lenov"/>
    <property name="path.separator" value=";"/>
    <property name="os.version" value="10.0"/>
    <property name="java.runtime.name" value="Java(TM) SE Runtime Environment"/>
    <property name="file.encoding" value="Cp1252"/>
    <property name="java.vm.name" value="Java HotSpot(TM) 64-Bit Server VM"/>
    <property name="localRepository" value="C:\Users\lenov\.m2\repository"/>
    <property name="java.vendor.url.bug" value="https://bugreport.java.com/bugreport/"/>
    <property name="java.io.tmpdir" value="C:\Users\lenov\AppData\Local\Temp\"/>
    <property name="java.version" value="17.0.12"/>
    <property name="user.dir" value="C:\Users\lenov\Downloads\cywa\latihan\helloworld-app"/>
    <property name="os.arch" value="amd64"/>
    <property name="java.vm.specification.name" value="Java Virtual Machine Specification"/>
    <property name="sun.os.patch.level" value=""/>
    <property name="native.encoding" value="Cp1252"/>
    <property name="java.library.path" value="C:\Program Files\Java\jdk-17\bin;C:\WINDOWS\Sun\Java\bin;C:\WINDOWS\system32;C:\WINDOWS;C:\Program Files\Common Files\Oracle\Java\javapath;C:\Program Files\Python313\Scripts\;C:\Program Files\Python313\;C:\WINDOWS\system32;C:\WINDOWS;C:\WINDOWS\System32\Wbem;C:\WINDOWS\System32\WindowsPowerShell\v1.0\;C:\WINDOWS\System32\OpenSSH\;C:\Program Files\nodejs\;C:\ProgramData\chocolatey\bin;C:\Program Files\Git\cmd;C:\MinGW\bin;C:\Program Files\PuTTY\;C:\minikube\;C:\Program Files\Docker\Docker\resources\bin;C:\Program Files\Java\jdk-17\bin;C:\sonar-scanner\bin;C:\Strawberry\c\bin;C:\Strawberry\perl\site\bin;C:\Strawberry\perl\bin;C:\Users\lenov\Downloads\cywa\latihan\apache-maven-3.9.9\bin;C:\Users\lenov\AppData\Local\Microsoft\WindowsApps;C:\Users\lenov\AppData\Local\Programs\Microsoft VS Code\bin;C:\Users\lenov\AppData\Roaming\npm;C:\minikube\;;."/>
    <property name="java.vm.info" value="mixed mode, sharing"/>
    <property name="java.vendor" value="Oracle Corporation"/>
    <property name="java.vm.version" value="17.0.12+8-LTS-286"/>
    <property name="sun.io.unicode.encoding" value="UnicodeLittle"/>
    <property name="java.class.version" value="61.0"/>
  </properties>
  <testcase name="shouldAnswerWithTrue" classname="com.helloworld.app.AppTest" time="0.003"/>
</testsuite>